[
  {
    "syscall_name": "clock_nanosleep", 
    "proc_name": "simple_loop_dl"
  }, 
  {
    "syscall_ret_val": "7034", 
    "syscall_args": "", 
    "syscall_name": "getpid", 
    "proc_name": "simple_loop_dl"
  }, 
  {
    "syscall_ret_val": "33", 
    "syscall_args": "fd: 1", 
    "syscall_name": "write", 
    "proc_name": "simple_loop_dl"
  }, 
  {
    "syscall_name": "clock_nanosleep", 
    "proc_name": "simple_loop_dl"
  }, 
  {
    "syscall_ret_val": "7034", 
    "syscall_args": "", 
    "syscall_name": "getpid", 
    "proc_name": "simple_loop_dl"
  }
]